<?xml version="1.0" encoding="UTF-8"?>
<testsuite name="cell.CellTests" tests="20" skipped="0" failures="0" errors="0" timestamp="2016-10-23T02:40:58" hostname="Vikranth-desk" time="0.402">
  <properties/>
  <testcase name="cellGetDistance" classname="cell.CellTests" time="0.0"/>
  <testcase name="cellIncreaseHealth" classname="cell.CellTests" time="0.0"/>
  <testcase name="cellConstructor" classname="cell.CellTests" time="0.004"/>
  <testcase name="cellGetX" classname="cell.CellTests" time="0.0"/>
  <testcase name="cellGetY" classname="cell.CellTests" time="0.001"/>
  <testcase name="cellSetX" classname="cell.CellTests" time="0.0"/>
  <testcase name="cellSetY" classname="cell.CellTests" time="0.001"/>
  <testcase name="cellToString" classname="cell.CellTests" time="0.0"/>
  <testcase name="cellMax" classname="cell.CellTests" time="0.0"/>
  <testcase name="cellDecrementHealth" classname="cell.CellTests" time="0.0"/>
  <testcase name="cellGetDistance" classname="cell.CellTests" time="0.0"/>
  <testcase name="cellIncreaseHealth" classname="cell.CellTests" time="0.0"/>
  <testcase name="cellConstructor" classname="cell.CellTests" time="0.0"/>
  <testcase name="cellGetX" classname="cell.CellTests" time="0.0"/>
  <testcase name="cellGetY" classname="cell.CellTests" time="0.0"/>
  <testcase name="cellSetX" classname="cell.CellTests" time="0.0"/>
  <testcase name="cellSetY" classname="cell.CellTests" time="0.0"/>
  <testcase name="cellToString" classname="cell.CellTests" time="0.0"/>
  <testcase name="cellMax" classname="cell.CellTests" time="0.001"/>
  <testcase name="cellDecrementHealth" classname="cell.CellTests" time="0.0"/>
  <system-out><![CDATA[]]></system-out>
  <system-err><![CDATA[]]></system-err>
</testsuite>
