<?xml version="1.0" encoding="UTF-8"?>
<testsuite name="helper.HealthBarTests" tests="2" skipped="0" failures="0" errors="0" timestamp="2016-10-23T02:40:58" hostname="Vikranth-desk" time="0.32">
  <properties/>
  <testcase name="healthBarConctructor" classname="helper.HealthBarTests" time="0.0"/>
  <testcase name="healthBarConctructor" classname="helper.HealthBarTests" time="0.0"/>
  <system-out><![CDATA[]]></system-out>
  <system-err><![CDATA[]]></system-err>
</testsuite>
