<?xml version="1.0" encoding="UTF-8"?>
<testsuite name="helper.HealthBarTests" tests="2" skipped="0" failures="0" errors="0" timestamp="2016-10-23T02:15:11" hostname="Vikranth-desk" time="0.333">
  <properties/>
  <testcase name="healthBarConctructor" classname="helper.HealthBarTests" time="0.012"/>
  <testcase name="healthBarConctructor" classname="helper.HealthBarTests" time="0.0"/>
  <system-out><![CDATA[main.helper.HealthBar{cell=main.cell.WhiteCell[x: 30 y: 30radius: 50health: 30.0speed: 5attack: 1]}
main.helper.HealthBar{cell=main.cell.WhiteCell[x: 30 y: 30radius: 50health: 30.0speed: 5attack: 1]}
]]></system-out>
  <system-err><![CDATA[]]></system-err>
</testsuite>
