<?xml version="1.0" encoding="UTF-8"?>
<testsuite name="cell.RedCellTests" tests="4" skipped="0" failures="0" errors="0" timestamp="2016-10-23T02:22:09" hostname="Vikranth-desk" time="0.169">
  <properties/>
  <testcase name="redCellConstructor" classname="cell.RedCellTests" time="0.001"/>
  <testcase name="redCellToString" classname="cell.RedCellTests" time="0.0"/>
  <testcase name="redCellConstructor" classname="cell.RedCellTests" time="0.0"/>
  <testcase name="redCellToString" classname="cell.RedCellTests" time="0.0"/>
  <system-out><![CDATA[]]></system-out>
  <system-err><![CDATA[]]></system-err>
</testsuite>
