<?xml version="1.0" encoding="UTF-8"?>
<testsuite name="helper.HealthBarTests" tests="2" skipped="0" failures="0" errors="0" timestamp="2016-10-23T02:22:09" hostname="Vikranth-desk" time="0.115">
  <properties/>
  <testcase name="healthBarConctructor" classname="helper.HealthBarTests" time="0.001"/>
  <testcase name="healthBarConctructor" classname="helper.HealthBarTests" time="0.0"/>
  <system-out><![CDATA[]]></system-out>
  <system-err><![CDATA[]]></system-err>
</testsuite>
