<?xml version="1.0" encoding="UTF-8"?>
<testsuite name="cell.SickCellTests" tests="6" skipped="0" failures="0" errors="0" timestamp="2016-10-23T02:40:58" hostname="Vikranth-desk" time="0.484">
  <properties/>
  <testcase name="sickCellConstructor" classname="cell.SickCellTests" time="0.0"/>
  <testcase name="sickCellProduceUnit" classname="cell.SickCellTests" time="0.003"/>
  <testcase name="sickCellToString" classname="cell.SickCellTests" time="0.0"/>
  <testcase name="sickCellConstructor" classname="cell.SickCellTests" time="0.001"/>
  <testcase name="sickCellProduceUnit" classname="cell.SickCellTests" time="0.001"/>
  <testcase name="sickCellToString" classname="cell.SickCellTests" time="0.001"/>
  <system-out><![CDATA[]]></system-out>
  <system-err><![CDATA[]]></system-err>
</testsuite>
